#
# There is insufficient memory for the Java Runtime Environment to continue.
# Native memory allocation (malloc) failed to allocate 1390592 bytes for Chunk::new
# Possible reasons:
#   The system is out of physical RAM or swap space
#   The process is running with CompressedOops enabled, and the Java Heap may be blocking the growth of the native heap
# Possible solutions:
#   Reduce memory load on the system
#   Increase physical memory or swap space
#   Check if swap backing store is full
#   Decrease Java heap size (-Xmx/-Xms)
#   Decrease number of Java threads
#   Decrease Java thread stack sizes (-Xss)
#   Set larger code cache with -XX:ReservedCodeCacheSize=
#   JVM is running with Unscaled Compressed Oops mode in which the Java heap is
#     placed in the first 4GB address space. The Java Heap base address is the
#     maximum limit for the native heap growth. Please use -XX:HeapBaseMinAddress
#     to set the Java Heap base and to place the Java Heap above 4GB virtual address.
# This output file may be truncated or incomplete.
#
#  Out of Memory Error (arena.cpp:191), pid=8088, tid=10032
#
# JRE version: OpenJDK Runtime Environment Temurin-17.0.10+7 (17.0.10+7) (build 17.0.10+7)
# Java VM: OpenJDK 64-Bit Server VM Temurin-17.0.10+7 (17.0.10+7, mixed mode, tiered, compressed oops, compressed class ptrs, g1 gc, windows-amd64)
# No core dump will be written. Minidumps are not enabled by default on client versions of Windows
#

---------------  S U M M A R Y ------------

Command Line: -Dfile.encoding=UTF-8 -Dstdout.encoding=UTF-8 -Dstderr.encoding=UTF-8 -XX:+ShowCodeDetailsInExceptionMessages com.example.JustCast.JustCastApplication

Host: Intel(R) Pentium(R) CPU 4425Y @ 1.70GHz, 4 cores, 3G,  Windows 10 , 64 bit Build 19041 (10.0.19041.3636)
Time: Sat May 18 16:25:15 2024 Paris, Madrid (heure duild 19041 (10.0.19041.3636) elapsed time: 39.464130 seconds (0d 0h 0m 39s)

---------------  T H R E A D  ---------------

Current thread (0x00000244b8bd2d30):  JavaThread "C2 CompilerThread0" daemon [_thread_in_native, id=10032, stack(0x0000008d3f900000,0x0000008d3fa00000)]


Current CompileTask:
C2:  39464 3013       4       org.springframework.beans.factory.support.AbstractBeanFactory::isTypeMatch (745 bytes)

Stack: [0x0000008d3f900000,0x0000008d3fa00000]
Native frames: (J=compiled Java code, j=interpreted, Vv=VM code, C=native code)
V  [jvm.dll+0x67d2c9]
V  [jvm.dll+0x834afa]
V  [jvm.dll+0x8365be]
V  [jvm.dll+0x836c23]
V  [jvm.dll+0x2477ff]
V  [jvm.dll+0xac514]
V  [jvm.dll+0xacb5c]
V  [jvm.dll+0x3667d7]
V  [jvm.dll+0x1bcf72]
V  [jvm.dll+0x21a049]
V  [jvm.dll+0x219311]
V  [jvm.dll+0x1a502d]
V  [jvm.dll+0x2290de]
V  [jvm.dll+0x2272ac]
V  [jvm.dll+0x7e9bb7]
V  [jvm.dll+0x7e3fba]
V  [jvm.dll+0x67c1b5]
C  [ucrtbase.dll+0x21bb2]
C  [KERNEL32.DLL+0x17344]
C  [ntdll.dll+0x526b1]


---------------  P R O C E S S  ---------------

Threads class SMR info:
_java_thread_list=0x00000244bec2bd80, length=14, elements={
0x00000244a19cdec0, 0x00000244b8a363f0, 0x00000244b8a37c90, 0x00000244b8bca090,
0x00000244b8bcc970, 0x00000244b8bd1680, 0x00000244b8bd2040, 0x00000244b8bd2d30,
0x00000244b8bff270, 0x00000244b8c22020, 0x00000244b8d1a010, 0x00000244b8d2bd90,
0x00000244bd1ed8a0, 0x00000244bd61ce50
}

Java Threads: ( => current thread )
  0x00000244a19cdec0 JavaThread "main" [_thread_blocked, id=12508, stack(0x0000008d3ec00000,0x0000008d3ed00000)]
  0x00000244b8a363f0 JavaThread "Reference Handler" daemon [_thread_blocked, id=12812, stack(0x0000008d3f300000,0x0000008d3f400000)]
  0x00000244b8a37c90 JavaThread "Finalizer" daemon [_thread_blocked, id=14452, stack(0x0000008d3f400000,0x0000008d3f500000)]
  0x00000244b8bca090 JavaThread "Signal Dispatcher" daemon [_thread_blocked, id=12428, stack(0x0000008d3f500000,0x0000008d3f600000)]
  0x00000244b8bcc970 JavaThread "Attach Listener" daemon [_thread_blocked, id=8480, stack(0x0000008d3f600000,0x0000008d3f700000)]
  0x00000244b8bd1680 JavaThread "Service Thread" daemon [_thread_blocked, id=3572, stack(0x0000008d3f700000,0x0000008d3f800000)]
  0x00000244b8bd2040 JavaThread "Monitor Deflation Thread" daemon [_thread_blocked, id=12292, stack(0x0000008d3f800000,0x0000008d3f900000)]
=>0x00000244b8bd2d30 JavaThread "C2 CompilerThread0" daemon [_thread_in_native, id=10032, stack(0x0000008d3f900000,0x0000008d3fa00000)]
  0x00000244b8bff270 JavaThread "C1 CompilerThread0" daemon [_thread_blocked, id=10704, stack(0x0000008d3fa00000,0x0000008d3fb00000)]
  0x00000244b8c22020 JavaThread "Sweeper thread" daemon [_thread_blocked, id=6904, stack(0x0000008d3fb00000,0x0000008d3fc00000)]
  0x00000244b8d1a010 JavaThread "Notification Thread" daemon [_thread_blocked, id=3544, stack(0x0000008d3fc00000,0x0000008d3fd00000)]
  0x00000244b8d2bd90 JavaThread "Common-Cleaner" daemon [_thread_blocked, id=7288, stack(0x0000008d3fe00000,0x0000008d3ff00000)]
  0x00000244bd1ed8a0 JavaThread "Thread-0" [_thread_blocked, id=10204, stack(0x0000008d40300000,0x0000008d40400000)]
  0x00000244bd61ce50 JavaThread "restartedMain" [_thread_in_native, id=12556, stack(0x0000008d40400000,0x0000008d40500000)]

Other Threads:
  0x00000244b8a11e10 VMThread "VM Thread" [stack: 0x0000008d3f200000,0x0000008d3f300000] [id=7332]
  0x00000244b8d1e510 WatcherThread [stack: 0x0000008d3fd00000,0x0000008d3fe00000] [id=15244]
  0x00000244a1a08d60 GCTaskThread "GC Thread#0" [stack: 0x0000008d3ed00000,0x0000008d3ee00000] [id=13932]
  0x00000244b8dcd880 GCTaskThread "GC Thread#1" [stack: 0x0000008d3ff00000,0x0000008d40000000] [id=8692]
  0x00000244bd43b710 GCTaskThread "GC Thread#2" [stack: 0x0000008d40000000,0x0000008d40100000] [id=6608]
  0x00000244bd2b3000 GCTaskThread "GC Thread#3" [stack: 0x0000008d40100000,0x0000008d40200000] [id=3564]
  0x00000244a1a118b0 ConcurrentGCThread "G1 Main Marker" [stack: 0x0000008d3ee00000,0x0000008d3ef00000] [id=8640]
  0x00000244a1a122d0 ConcurrentGCThread "G1 Conc#0" [stack: 0x0000008d3ef00000,0x0000008d3f000000] [id=3068]
  0x00000244a1a50d50 ConcurrentGCThread "G1 Refine#0" [stack: 0x0000008d3f000000,0x0000008d3f100000] [id=13044]
  0x00000244b8dcdb40 ConcurrentGCThread "G1 Refine#1" [stack: 0x0000008d40200000,0x0000008d40300000] [id=10956]
  0x00000244a1a52060 ConcurrentGCThread "G1 Service" [stack: 0x0000008d3f100000,0x0000008d3f200000] [id=8416]

Threads with active compile tasks:
C2 CompilerThread0    39591 3013       4       org.springframework.beans.factory.support.AbstractBeanFactory::isTypeMatch (745 bytes)

VM state: not at safepoint (normal execution)

VM Mutex/Monitor currently owned by a thread: None

Heap address: 0x00000000c2000000, size: 992 MB, Compressed Oops mode: 32-bit

CDS archive(s) not mapped
Compressed class space mapped at: 0x0000000100000000-0x0000000140000000, reserved size: 1073741824
Narrow klass base: 0x0000000000000000, Narrow klass shift: 3, Narrow klass range: 0x140000000

GC Precious Log:
 CPUs: 4 total, 4 available
 Memory: 3965M
 Large Page Support: Disabled
 NUMA Support: Disabled
 Compressed Oops: Enabled (32-bit)
 Heap Region Size: 1M
 Heap Min Capacity: 8M
 Heap Initial Capacity: 62M
 Heap Max Capacity: 992M
 Pre-touch: Disabled
 Parallel Workers: 4
 Concurrent Workers: 1
 Concurrent Refinement Workers: 4
 Periodic GC: Disabled

Heap:
 garbage-first heap   total 37888K, used 18334K [0x00000000c2000000, 0x0000000100000000)
  region size 1024K, 7 young (7168K), 1 survivors (1024K)
 Metaspace       used 29747K, committed 30016K, reserved 1114112K
  class space    used 3351K, committed 3456K, reserved 1048576K

Heap Regions: E=young(eden), S=young(survivor), O=old, HS=humongous(starts), HC=humongous(continues), CS=collection set, F=free, OA=open archive, CA=closed archive, TAMS=top-at-mark-start (previous, next)
|   0|0x00000000c2000000, 0x00000000c2100000, 0x00000000c2100000|100%|HS|  |TAMS 0x00000000c2100000, 0x00000000c2000000| Complete 
|   1|0x00000000c2100000, 0x00000000c2200000, 0x00000000c2200000|100%| O|  |TAMS 0x00000000c2200000, 0x00000000c2100000| Untracked 
|   2|0x00000000c2200000, 0x00000000c2300000, 0x00000000c2300000|100%| O|  |TAMS 0x00000000c2300000, 0x00000000c2200000| Untracked 
|   3|0x00000000c2300000, 0x00000000c2400000, 0x00000000c2400000|100%| O|  |TAMS 0x00000000c2400000, 0x00000000c2300000| Untracked 
|   4|0x00000000c2400000, 0x00000000c2500000, 0x00000000c2500000|100%| O|  |TAMS 0x00000000c2500000, 0x00000000c2400000| Untracked 
|   5|0x00000000c2500000, 0x00000000c2600000, 0x00000000c2600000|100%| O|  |TAMS 0x00000000c25e1800, 0x00000000c2500000| Untracked 
|   6|0x00000000c2600000, 0x00000000c26f9e00, 0x00000000c2700000| 97%| O|  |TAMS 0x00000000c2600000, 0x00000000c2600000| Untracked 
|   7|0x00000000c2700000, 0x00000000c2800000, 0x00000000c2800000|100%| O|  |TAMS 0x00000000c2700000, 0x00000000c2700000| Untracked 
|   8|0x00000000c2800000, 0x00000000c2900000, 0x00000000c2900000|100%| O|  |TAMS 0x00000000c2800000, 0x00000000c2800000| Untracked 
|   9|0x00000000c2900000, 0x00000000c2a00000, 0x00000000c2a00000|100%| O|  |TAMS 0x00000000c2900000, 0x00000000c2900000| Untracked 
|  10|0x00000000c2a00000, 0x00000000c2b00000, 0x00000000c2b00000|100%| O|  |TAMS 0x00000000c2a00000, 0x00000000c2a00000| Untracked 
|  11|0x00000000c2b00000, 0x00000000c2c00000, 0x00000000c2c00000|100%| O|  |TAMS 0x00000000c2b00000, 0x00000000c2b00000| Untracked 
|  12|0x00000000c2c00000, 0x00000000c2c00000, 0x00000000c2d00000|  0%| F|  |TAMS 0x00000000c2c00000, 0x00000000c2c00000| Untracked 
|  13|0x00000000c2d00000, 0x00000000c2d00000, 0x00000000c2e00000|  0%| F|  |TAMS 0x00000000c2d00000, 0x00000000c2d00000| Untracked 
|  14|0x00000000c2e00000, 0x00000000c2e00000, 0x00000000c2f00000|  0%| F|  |TAMS 0x00000000c2e00000, 0x00000000c2e00000| Untracked 
|  15|0x00000000c2f00000, 0x00000000c2f00000, 0x00000000c3000000|  0%| F|  |TAMS 0x00000000c2f00000, 0x00000000c2f00000| Untracked 
|  16|0x00000000c3000000, 0x00000000c3000000, 0x00000000c3100000|  0%| F|  |TAMS 0x00000000c3000000, 0x00000000c3000000| Untracked 
|  17|0x00000000c3100000, 0x00000000c3100000, 0x00000000c3200000|  0%| F|  |TAMS 0x00000000c3100000, 0x00000000c3100000| Untracked 
|  18|0x00000000c3200000, 0x00000000c3200000, 0x00000000c3300000|  0%| F|  |TAMS 0x00000000c3200000, 0x00000000c3200000| Untracked 
|  19|0x00000000c3300000, 0x00000000c3300000, 0x00000000c3400000|  0%| F|  |TAMS 0x00000000c3300000, 0x00000000c3300000| Untracked 
|  20|0x00000000c3400000, 0x00000000c3400000, 0x00000000c3500000|  0%| F|  |TAMS 0x00000000c3400000, 0x00000000c3400000| Untracked 
|  21|0x00000000c3500000, 0x00000000c3500000, 0x00000000c3600000|  0%| F|  |TAMS 0x00000000c3500000, 0x00000000c3500000| Untracked 
|  22|0x00000000c3600000, 0x00000000c3600000, 0x00000000c3700000|  0%| F|  |TAMS 0x00000000c3600000, 0x00000000c3600000| Untracked 
|  23|0x00000000c3700000, 0x00000000c37edcc0, 0x00000000c3800000| 92%| S|CS|TAMS 0x00000000c3700000, 0x00000000c3700000| Complete 
|  24|0x00000000c3800000, 0x00000000c3800000, 0x00000000c3900000|  0%| F|  |TAMS 0x00000000c3800000, 0x00000000c3800000| Untracked 
|  25|0x00000000c3900000, 0x00000000c3900000, 0x00000000c3a00000|  0%| F|  |TAMS 0x00000000c3900000, 0x00000000c3900000| Untracked 
|  26|0x00000000c3a00000, 0x00000000c3a00000, 0x00000000c3b00000|  0%| F|  |TAMS 0x00000000c3a00000, 0x00000000c3a00000| Untracked 
|  27|0x00000000c3b00000, 0x00000000c3b00000, 0x00000000c3c00000|  0%| F|  |TAMS 0x00000000c3b00000, 0x00000000c3b00000| Untracked 
|  28|0x00000000c3c00000, 0x00000000c3c00000, 0x00000000c3d00000|  0%| F|  |TAMS 0x00000000c3c00000, 0x00000000c3c00000| Untracked 
|  29|0x00000000c3d00000, 0x00000000c3d00000, 0x00000000c3e00000|  0%| F|  |TAMS 0x00000000c3d00000, 0x00000000c3d00000| Untracked 
|  30|0x00000000c3e00000, 0x00000000c3e00000, 0x00000000c3f00000|  0%| F|  |TAMS 0x00000000c3e00000, 0x00000000c3e00000| Untracked 
|  31|0x00000000c3f00000, 0x00000000c3f35438, 0x00000000c4000000| 20%| E|  |TAMS 0x00000000c3f00000, 0x00000000c3f00000| Complete 
|  32|0x00000000c4000000, 0x00000000c4100000, 0x00000000c4100000|100%| E|CS|TAMS 0x00000000c4000000, 0x00000000c4000000| Complete 
|  54|0x00000000c5600000, 0x00000000c5700000, 0x00000000c5700000|100%| E|CS|TAMS 0x00000000c5600000, 0x00000000c5600000| Complete 
|  55|0x00000000c5700000, 0x00000000c5800000, 0x00000000c5800000|100%| E|CS|TAMS 0x00000000c5700000, 0x00000000c5700000| Complete 
|  56|0x00000000c5800000, 0x00000000c5900000, 0x00000000c5900000|100%| E|CS|TAMS 0x00000000c5800000, 0x00000000c5800000| Complete 
|  61|0x00000000c5d00000, 0x00000000c5e00000, 0x00000000c5e00000|100%| E|CS|TAMS 0x00000000c5d00000, 0x00000000c5d00000| Complete 

Card table byte_map: [0x00000244b4280000,0x00000244b4470000] _byte_map_base: 0x00000244b3c70000

Marking Bits (Prev, Next): (CMBitMap*) 0x00000244a1a093c0, (CMBitMap*) 0x00000244a1a09380
 Prev Bits: [0x00000244b55e0000, 0x00000244b6560000)
 Next Bits: [0x00000244b4660000, 0x00000244b55e0000)

Polling page: 0x000002449f810000

Metaspace:

Usage:
  Non-class:     25.78 MB used.
      Class:      3.27 MB used.
       Both:     29.05 MB used.

Virtual space:
  Non-class space:       64.00 MB reserved,      25.94 MB ( 41%) committed,  1 nodes.
      Class space:        1.00 GB reserved,       3.38 MB ( <1%) committed,  1 nodes.
             Both:        1.06 GB reserved,      29.31 MB (  3%) committed. 

Chunk freelists:
   Non-Class:  5.91 MB
       Class:  12.51 MB
        Both:  18.42 MB

MaxMetaspaceSize: unlimited
CompressedClassSpaceSize: 1.00 GB
Initial GC threshold: 21.00 MB
Current GC threshold: 35.25 MB
CDS: off
MetaspaceReclaimPolicy: balanced
 - commit_granule_bytes: 65536.
 - commit_granule_words: 8192.
 - virtual_space_node_default_size: 8388608.
 - enlarge_chunks_in_place: 1.
 - new_chunks_are_fully_committed: 0.
 - uncommit_free_chunks: 1.
 - use_allocation_guard: 0.
 - handle_deallocations: 1.


Internal statistics:

num_allocs_failed_limit: 3.
num_arena_births: 250.
num_arena_deaths: 0.
num_vsnodes_births: 2.
num_vsnodes_deaths: 0.
num_space_committed: 469.
num_space_uncommitted: 0.
num_chunks_returned_to_freelist: 3.
num_chunks_taken_from_freelist: 982.
num_chunk_merges: 3.
num_chunk_splits: 668.
num_chunks_enlarged: 507.
num_inconsistent_stats: 0.

CodeHeap 'non-profiled nmethods': size=120000Kb used=1355Kb max_used=1355Kb free=118644Kb
 bounds [0x00000244acb60000, 0x00000244acdd0000, 0x00000244b4090000]
CodeHeap 'profiled nmethods': size=120000Kb used=6529Kb max_used=6529Kb free=113470Kb
 bounds [0x00000244a5090000, 0x00000244a5700000, 0x00000244ac5c0000]
CodeHeap 'non-nmethods': size=5760Kb used=1198Kb max_used=1254Kb free=4562Kb
 bounds [0x00000244ac5c0000, 0x00000244ac830000, 0x00000244acb60000]
 total_blobs=3543 nmethods=3045 adapters=411
 compilation: enabled
              stopped_count=0, restarted_count=0
 full_count=0

Compilation events (20 events):
Event: 39.351 Thread 0x00000244b8bff270 3040       3       java.util.ArrayList::<init> (12 bytes)
Event: 39.351 Thread 0x00000244b8bff270 nmethod 3040 0x00000244a56e6e10 code [0x00000244a56e6fc0, 0x00000244a56e7258]
Event: 39.353 Thread 0x00000244b8bff270 3041       3       org.springframework.beans.factory.support.AbstractBeanFactory::getMergedLocalBeanDefinition (38 bytes)
Event: 39.354 Thread 0x00000244b8bff270 nmethod 3041 0x00000244a56e7390 code [0x00000244a56e7580, 0x00000244a56e7ac8]
Event: 39.354 Thread 0x00000244b8bff270 3042       3       org.springframework.beans.factory.support.AbstractAutowireCapableBeanFactory$FactoryBeanMethodTypeFinder::doWith (84 bytes)
Event: 39.356 Thread 0x00000244b8bff270 nmethod 3042 0x00000244a56e7c90 code [0x00000244a56e7f40, 0x00000244a56e8d58]
Event: 39.356 Thread 0x00000244b8bff270 3043       3       org.springframework.beans.factory.support.AbstractAutowireCapableBeanFactory$FactoryBeanMethodTypeFinder::isFactoryBeanMethod (32 bytes)
Event: 39.357 Thread 0x00000244b8bff270 nmethod 3043 0x00000244a56e9210 code [0x00000244a56e93c0, 0x00000244a56e9618]
Event: 39.358 Thread 0x00000244b8bff270 3044       3       java.util.ArrayList::<init> (61 bytes)
Event: 39.361 Thread 0x00000244b8bff270 nmethod 3044 0x00000244a56e9710 code [0x00000244a56e9980, 0x00000244a56ea2f8]
Event: 39.371 Thread 0x00000244b8bff270 3045       1       java.util.Collections$SingletonSet::size (2 bytes)
Event: 39.371 Thread 0x00000244b8bff270 nmethod 3045 0x00000244accb2c90 code [0x00000244accb2e20, 0x00000244accb2ef8]
Event: 39.374 Thread 0x00000244b8bff270 3046       3       sun.reflect.generics.parser.SignatureParser::parseClassTypeSignature (118 bytes)
Event: 39.377 Thread 0x00000244b8bff270 nmethod 3046 0x00000244a56ea610 code [0x00000244a56ea9a0, 0x00000244a56ebe38]
Event: 39.412 Thread 0x00000244b8bff270 3048       3       java.security.CodeSource::getCertificates (98 bytes)
Event: 39.414 Thread 0x00000244b8bff270 nmethod 3048 0x00000244a56ec590 code [0x00000244a56ec800, 0x00000244a56ed518]
Event: 39.420 Thread 0x00000244b8bff270 3049       3       org.springframework.beans.factory.support.AbstractBeanDefinition::hasConstructorArgumentValues (23 bytes)
Event: 39.420 Thread 0x00000244b8bff270 nmethod 3049 0x00000244a56ed810 code [0x00000244a56ed9e0, 0x00000244a56ede18]
Event: 39.425 Thread 0x00000244b8bff270 3050       3       org.springframework.core.annotation.AnnotationAttributes::getString (11 bytes)
Event: 39.425 Thread 0x00000244b8bff270 nmethod 3050 0x00000244a56edf90 code [0x00000244a56ee140, 0x00000244a56ee368]

GC Heap History (16 events):
Event: 16.257 GC heap before
{Heap before GC invocations=0 (full 0):
 garbage-first heap   total 63488K, used 14336K [0x00000000c2000000, 0x0000000100000000)
  region size 1024K, 13 young (13312K), 0 survivors (0K)
 Metaspace       used 10734K, committed 10944K, reserved 1114112K
  class space    used 998K, committed 1088K, reserved 1048576K
}
Event: 16.314 GC heap after
{Heap after GC invocations=1 (full 0):
 garbage-first heap   total 63488K, used 6077K [0x00000000c2000000, 0x0000000100000000)
  region size 1024K, 2 young (2048K), 2 survivors (2048K)
 Metaspace       used 10734K, committed 10944K, reserved 1114112K
  class space    used 998K, committed 1088K, reserved 1048576K
}
Event: 21.983 GC heap before
{Heap before GC invocations=1 (full 0):
 garbage-first heap   total 63488K, used 15293K [0x00000000c2000000, 0x0000000100000000)
  region size 1024K, 12 young (12288K), 2 survivors (2048K)
 Metaspace       used 13891K, committed 14080K, reserved 1114112K
  class space    used 1383K, committed 1472K, reserved 1048576K
}
Event: 21.992 GC heap after
{Heap after GC invocations=2 (full 0):
 garbage-first heap   total 63488K, used 6697K [0x00000000c2000000, 0x0000000100000000)
  region size 1024K, 1 young (1024K), 1 survivors (1024K)
 Metaspace       used 13891K, committed 14080K, reserved 1114112K
  class space    used 1383K, committed 1472K, reserved 1048576K
}
Event: 28.369 GC heap before
{Heap before GC invocations=2 (full 0):
 garbage-first heap   total 63488K, used 26153K [0x00000000c2000000, 0x0000000100000000)
  region size 1024K, 21 young (21504K), 1 survivors (1024K)
 Metaspace       used 19844K, committed 20096K, reserved 1114112K
  class space    used 2107K, committed 2176K, reserved 1048576K
}
Event: 28.377 GC heap after
{Heap after GC invocations=3 (full 0):
 garbage-first heap   total 63488K, used 8211K [0x00000000c2000000, 0x0000000100000000)
  region size 1024K, 3 young (3072K), 3 survivors (3072K)
 Metaspace       used 19844K, committed 20096K, reserved 1114112K
  class space    used 2107K, committed 2176K, reserved 1048576K
}
Event: 29.057 GC heap before
{Heap before GC invocations=3 (full 0):
 garbage-first heap   total 63488K, used 12307K [0x00000000c2000000, 0x0000000100000000)
  region size 1024K, 8 young (8192K), 3 survivors (3072K)
 Metaspace       used 21284K, committed 21504K, reserved 1114112K
  class space    used 2260K, committed 2368K, reserved 1048576K
}
Event: 29.063 GC heap after
{Heap after GC invocations=4 (full 0):
 garbage-first heap   total 63488K, used 9023K [0x00000000c2000000, 0x0000000100000000)
  region size 1024K, 3 young (3072K), 3 survivors (3072K)
 Metaspace       used 21284K, committed 21504K, reserved 1114112K
  class space    used 2260K, committed 2368K, reserved 1048576K
}
Event: 31.232 GC heap before
{Heap before GC invocations=5 (full 0):
 garbage-first heap   total 37888K, used 26431K [0x00000000c2000000, 0x0000000100000000)
  region size 1024K, 22 young (22528K), 3 survivors (3072K)
 Metaspace       used 25832K, committed 26112K, reserved 1114112K
  class space    used 2873K, committed 3008K, reserved 1048576K
}
Event: 31.243 GC heap after
{Heap after GC invocations=6 (full 0):
 garbage-first heap   total 37888K, used 11169K [0x00000000c2000000, 0x0000000100000000)
  region size 1024K, 3 young (3072K), 3 survivors (3072K)
 Metaspace       used 25832K, committed 26112K, reserved 1114112K
  class space    used 2873K, committed 3008K, reserved 1048576K
}
Event: 31.370 GC heap before
{Heap before GC invocations=6 (full 0):
 garbage-first heap   total 37888K, used 12193K [0x00000000c2000000, 0x0000000100000000)
  region size 1024K, 4 young (4096K), 3 survivors (3072K)
 Metaspace       used 25915K, committed 26176K, reserved 1114112K
  class space    used 2884K, committed 3008K, reserved 1048576K
}
Event: 31.378 GC heap after
{Heap after GC invocations=7 (full 0):
 garbage-first heap   total 37888K, used 11471K [0x00000000c2000000, 0x0000000100000000)
  region size 1024K, 1 young (1024K), 1 survivors (1024K)
 Metaspace       used 25915K, committed 26176K, reserved 1114112K
  class space    used 2884K, committed 3008K, reserved 1048576K
}
Event: 34.365 GC heap before
{Heap before GC invocations=7 (full 0):
 garbage-first heap   total 37888K, used 24783K [0x00000000c2000000, 0x0000000100000000)
  region size 1024K, 14 young (14336K), 1 survivors (1024K)
 Metaspace       used 27334K, committed 27584K, reserved 1114112K
  class space    used 3035K, committed 3136K, reserved 1048576K
}
Event: 34.371 GC heap after
{Heap after GC invocations=8 (full 0):
 garbage-first heap   total 37888K, used 12221K [0x00000000c2000000, 0x0000000100000000)
  region size 1024K, 2 young (2048K), 2 survivors (2048K)
 Metaspace       used 27334K, committed 27584K, reserved 1114112K
  class space    used 3035K, committed 3136K, reserved 1048576K
}
Event: 37.792 GC heap before
{Heap before GC invocations=8 (full 0):
 garbage-first heap   total 37888K, used 24509K [0x00000000c2000000, 0x0000000100000000)
  region size 1024K, 15 young (15360K), 2 survivors (2048K)
 Metaspace       used 28930K, committed 29248K, reserved 1114112K
  class space    used 3240K, committed 3392K, reserved 1048576K
}
Event: 37.798 GC heap after
{Heap after GC invocations=9 (full 0):
 garbage-first heap   total 37888K, used 13214K [0x00000000c2000000, 0x0000000100000000)
  region size 1024K, 1 young (1024K), 1 survivors (1024K)
 Metaspace       used 28930K, committed 29248K, reserved 1114112K
  class space    used 3240K, committed 3392K, reserved 1048576K
}

Dll operation events (8 events):
Event: 0.029 Loaded shared library C:\Users\benja\.p2\pool\plugins\org.eclipse.justj.openjdk.hotspot.jre.full.win32.x86_64_17.0.10.v20240120-1143\jre\bin\java.dll
Event: 2.765 Loaded shared library C:\Users\benja\.p2\pool\plugins\org.eclipse.justj.openjdk.hotspot.jre.full.win32.x86_64_17.0.10.v20240120-1143\jre\bin\net.dll
Event: 2.770 Loaded shared library C:\Users\benja\.p2\pool\plugins\org.eclipse.justj.openjdk.hotspot.jre.full.win32.x86_64_17.0.10.v20240120-1143\jre\bin\nio.dll
Event: 2.955 Loaded shared library C:\Users\benja\.p2\pool\plugins\org.eclipse.justj.openjdk.hotspot.jre.full.win32.x86_64_17.0.10.v20240120-1143\jre\bin\zip.dll
Event: 10.212 Loaded shared library C:\Users\benja\.p2\pool\plugins\org.eclipse.justj.openjdk.hotspot.jre.full.win32.x86_64_17.0.10.v20240120-1143\jre\bin\jimage.dll
Event: 17.077 Loaded shared library C:\Users\benja\.p2\pool\plugins\org.eclipse.justj.openjdk.hotspot.jre.full.win32.x86_64_17.0.10.v20240120-1143\jre\bin\management.dll
Event: 17.092 Loaded shared library C:\Users\benja\.p2\pool\plugins\org.eclipse.justj.openjdk.hotspot.jre.full.win32.x86_64_17.0.10.v20240120-1143\jre\bin\management_ext.dll
Event: 30.933 Loaded shared library C:\Users\benja\.p2\pool\plugins\org.eclipse.justj.openjdk.hotspot.jre.full.win32.x86_64_17.0.10.v20240120-1143\jre\bin\sunmscapi.dll

Deoptimization events (20 events):
Event: 35.724 Thread 0x00000244bd61ce50 Uncommon trap: trap_request=0xffffffde fr.pc=0x00000244acb7fa18 relative=0x0000000000000198
Event: 35.724 Thread 0x00000244bd61ce50 Uncommon trap: reason=class_check action=maybe_recompile pc=0x00000244acb7fa18 method=java.lang.String.equals(Ljava/lang/Object;)Z @ 8 c2
Event: 35.724 Thread 0x00000244bd61ce50 DEOPT PACKING pc=0x00000244acb7fa18 sp=0x0000008d404fde80
Event: 35.724 Thread 0x00000244bd61ce50 DEOPT UNPACKING pc=0x00000244ac61699d sp=0x0000008d404fde18 mode 2
Event: 35.729 Thread 0x00000244bd61ce50 Uncommon trap: trap_request=0xffffffde fr.pc=0x00000244acc75c78 relative=0x0000000000000438
Event: 35.729 Thread 0x00000244bd61ce50 Uncommon trap: reason=class_check action=maybe_recompile pc=0x00000244acc75c78 method=java.lang.String.equals(Ljava/lang/Object;)Z @ 8 c2
Event: 35.729 Thread 0x00000244bd61ce50 DEOPT PACKING pc=0x00000244acc75c78 sp=0x0000008d404fdbe0
Event: 35.729 Thread 0x00000244bd61ce50 DEOPT UNPACKING pc=0x00000244ac61699d sp=0x0000008d404fdaa8 mode 2
Event: 35.730 Thread 0x00000244bd61ce50 Uncommon trap: trap_request=0xffffffde fr.pc=0x00000244acb7fa18 relative=0x0000000000000198
Event: 35.730 Thread 0x00000244bd61ce50 Uncommon trap: reason=class_check action=maybe_recompile pc=0x00000244acb7fa18 method=java.lang.String.equals(Ljava/lang/Object;)Z @ 8 c2
Event: 35.730 Thread 0x00000244bd61ce50 DEOPT PACKING pc=0x00000244acb7fa18 sp=0x0000008d404fdb10
Event: 35.730 Thread 0x00000244bd61ce50 DEOPT UNPACKING pc=0x00000244ac61699d sp=0x0000008d404fdaa8 mode 2
Event: 38.657 Thread 0x00000244bd61ce50 Uncommon trap: trap_request=0xffffff45 fr.pc=0x00000244acc0c218 relative=0x00000000000055b8
Event: 38.657 Thread 0x00000244bd61ce50 Uncommon trap: reason=unstable_if action=reinterpret pc=0x00000244acc0c218 method=jdk.internal.org.objectweb.asm.SymbolTable.addType(Ljava/lang/String;)I @ 33 c2
Event: 38.657 Thread 0x00000244bd61ce50 DEOPT PACKING pc=0x00000244acc0c218 sp=0x0000008d404fce00
Event: 38.658 Thread 0x00000244bd61ce50 DEOPT UNPACKING pc=0x00000244ac61699d sp=0x0000008d404fcd28 mode 2
Event: 39.216 Thread 0x00000244bd61ce50 Uncommon trap: trap_request=0xffffff45 fr.pc=0x00000244acca651c relative=0x00000000000005bc
Event: 39.216 Thread 0x00000244bd61ce50 Uncommon trap: reason=unstable_if action=reinterpret pc=0x00000244acca651c method=org.springframework.beans.factory.support.AbstractBeanFactory.getMergedLocalBeanDefinition(Ljava/lang/String;)Lorg/springframework/beans/factory/support/RootBeanDefinition; 
Event: 39.216 Thread 0x00000244bd61ce50 DEOPT PACKING pc=0x00000244acca651c sp=0x0000008d404fd910
Event: 39.216 Thread 0x00000244bd61ce50 DEOPT UNPACKING pc=0x00000244ac61699d sp=0x0000008d404fd8c8 mode 2

Classes unloaded (0 events):
No events

Classes redefined (0 events):
No events

Internal exceptions (20 events):
Event: 25.130 Thread 0x00000244bd61ce50 Exception <a 'java/lang/NoSuchMethodError'{0x00000000c56724a8}: 'java.lang.Object java.lang.invoke.DirectMethodHandle$Holder.invokeStaticInit(java.lang.Object, java.lang.Object, long, java.lang.Object)'> (0x00000000c56724a8) 
thrown [s\src\hotspot\share\interpreter\linkResolver.cpp, line 759]
Event: 25.133 Thread 0x00000244bd61ce50 Exception <a 'java/lang/NoSuchMethodError'{0x00000000c5678bf0}: 'java.lang.Object java.lang.invoke.DirectMethodHandle$Holder.newInvokeSpecial(java.lang.Object, java.lang.Object, long)'> (0x00000000c5678bf0) 
thrown [s\src\hotspot\share\interpreter\linkResolver.cpp, line 759]
Event: 25.148 Thread 0x00000244bd61ce50 Exception <a 'java/lang/NoSuchMethodError'{0x00000000c567c760}: 'java.lang.Object java.lang.invoke.Invokers$Holder.linkToTargetMethod(java.lang.Object, long, java.lang.Object)'> (0x00000000c567c760) 
thrown [s\src\hotspot\share\interpreter\linkResolver.cpp, line 759]
Event: 25.299 Thread 0x00000244bd61ce50 Exception <a 'java/lang/NoSuchMethodError'{0x00000000c56cbc88}: 'void java.lang.invoke.DirectMethodHandle$Holder.invokeSpecial(java.lang.Object, java.lang.Object, java.lang.Object, java.lang.Object, java.lang.Object)'> (0x00000000c56cbc88) 
thrown [s\src\hotspot\share\interpreter\linkResolver.cpp, line 759]
Event: 25.301 Thread 0x00000244bd61ce50 Exception <a 'java/lang/NoSuchMethodError'{0x00000000c56d46c8}: 'void java.lang.invoke.DirectMethodHandle$Holder.invokeVirtual(java.lang.Object, java.lang.Object, java.lang.Object, java.lang.Object)'> (0x00000000c56d46c8) 
thrown [s\src\hotspot\share\interpreter\linkResolver.cpp, line 759]
Event: 25.532 Thread 0x00000244bd61ce50 Exception <a 'java/lang/NoSuchMethodError'{0x00000000c5442bc0}: 'void java.lang.invoke.DirectMethodHandle$Holder.invokeSpecial(java.lang.Object, java.lang.Object, java.lang.Object)'> (0x00000000c5442bc0) 
thrown [s\src\hotspot\share\interpreter\linkResolver.cpp, line 759]
Event: 25.564 Thread 0x00000244bd61ce50 Exception <a 'java/lang/IncompatibleClassChangeError'{0x00000000c5494578}: Found class java.lang.Object, but interface was expected> (0x00000000c5494578) 
thrown [s\src\hotspot\share\interpreter\linkResolver.cpp, line 826]
Event: 25.601 Thread 0x00000244bd4be850 Exception <a 'java/lang/NoClassDefFoundError'{0x00000000c547a920}: jakarta/validation/Validation> (0x00000000c547a920) 
thrown [s\src\hotspot\share\classfile\systemDictionary.cpp, line 245]
Event: 28.211 Thread 0x00000244bd61ce50 Exception <a 'java/lang/NoSuchMethodError'{0x00000000c4919b70}: 'java.lang.Object java.lang.invoke.DirectMethodHandle$Holder.invokeStatic(java.lang.Object, int, java.lang.Object)'> (0x00000000c4919b70) 
thrown [s\src\hotspot\share\interpreter\linkResolver.cpp, line 759]
Event: 29.615 Thread 0x00000244bd61ce50 Exception <a 'sun/nio/fs/WindowsException'{0x00000000c3a694a0}> (0x00000000c3a694a0) 
thrown [s\src\hotspot\share\prims\jni.cpp, line 516]
Event: 29.617 Thread 0x00000244bd61ce50 Exception <a 'java/lang/NoSuchMethodError'{0x00000000c3a6acc0}: 'int java.lang.invoke.DirectMethodHandle$Holder.invokeSpecial(java.lang.Object, java.lang.Object, java.lang.Object, java.lang.Object, java.lang.Object)'> (0x00000000c3a6acc0) 
thrown [s\src\hotspot\share\interpreter\linkResolver.cpp, line 759]
Event: 29.623 Thread 0x00000244bd61ce50 Exception <a 'java/lang/NoSuchMethodError'{0x00000000c3a73948}: 'void java.lang.invoke.DirectMethodHandle$Holder.invokeVirtual(java.lang.Object, java.lang.Object)'> (0x00000000c3a73948) 
thrown [s\src\hotspot\share\interpreter\linkResolver.cpp, line 759]
Event: 29.955 Thread 0x00000244bd4be850 Exception <a 'java/lang/NoSuchMethodError'{0x00000000c3623fc0}: 'long java.lang.invoke.DirectMethodHandle$Holder.invokeSpecial(java.lang.Object, java.lang.Object)'> (0x00000000c3623fc0) 
thrown [s\src\hotspot\share\interpreter\linkResolver.cpp, line 759]
Event: 29.960 Thread 0x00000244bd4be850 Exception <a 'java/lang/NoSuchMethodError'{0x00000000c362ee10}: 'long java.lang.invoke.DirectMethodHandle$Holder.invokeStatic(java.lang.Object, java.lang.Object)'> (0x00000000c362ee10) 
thrown [s\src\hotspot\share\interpreter\linkResolver.cpp, line 759]
Event: 29.961 Thread 0x00000244bd4be850 Exception <a 'java/lang/NoSuchMethodError'{0x00000000c3632668}: 'long java.lang.invoke.DirectMethodHandle$Holder.invokeStaticInit(java.lang.Object, java.lang.Object)'> (0x00000000c3632668) 
thrown [s\src\hotspot\share\interpreter\linkResolver.cpp, line 759]
Event: 29.968 Thread 0x00000244bd4be850 Exception <a 'java/lang/NoSuchMethodError'{0x00000000c3640210}: 'long java.lang.invoke.DirectMethodHandle$Holder.invokeInterface(java.lang.Object, java.lang.Object)'> (0x00000000c3640210) 
thrown [s\src\hotspot\share\interpreter\linkResolver.cpp, line 759]
Event: 29.969 Thread 0x00000244bd4be850 Exception <a 'java/lang/IncompatibleClassChangeError'{0x00000000c36437a0}: Found class java.lang.Object, but interface was expected> (0x00000000c36437a0) 
thrown [s\src\hotspot\share\interpreter\linkResolver.cpp, line 826]
Event: 30.061 Thread 0x00000244bd4be850 Exception <a 'java/lang/NoSuchMethodError'{0x00000000c36c34a0}: 'java.lang.Object java.lang.invoke.DirectMethodHandle$Holder.invokeVirtual(java.lang.Object, java.lang.Object, java.lang.Object, java.lang.Object)'> (0x00000000c36c34a0) 
thrown [s\src\hotspot\share\interpreter\linkResolver.cpp, line 759]
Event: 31.688 Thread 0x00000244bd61ce50 Exception <a 'java/lang/IncompatibleClassChangeError'{0x00000000c56981b8}: Found class java.lang.Object, but interface was expected> (0x00000000c56981b8) 
thrown [s\src\hotspot\share\interpreter\linkResolver.cpp, line 826]
Event: 39.300 Thread 0x00000244bd61ce50 Exception <a 'sun/nio/fs/WindowsException'{0x00000000c56c6280}> (0x00000000c56c6280) 
thrown [s\src\hotspot\share\prims\jni.cpp, line 516]

VM Operations (20 events):
Event: 34.365 Executing VM operation: G1CollectForAllocation
Event: 34.374 Executing VM operation: G1CollectForAllocation done
Event: 35.379 Executing VM operation: Cleanup
Event: 35.379 Executing VM operation: Cleanup done
Event: 36.387 Executing VM operation: Cleanup
Event: 36.428 Executing VM operation: Cleanup done
Event: 37.443 Executing VM operation: Cleanup
Event: 37.446 Executing VM operation: Cleanup done
Event: 37.792 Executing VM operation: G1CollectForAllocation
Event: 37.798 Executing VM operation: G1CollectForAllocation done
Event: 38.802 Executing VM operation: Cleanup
Event: 38.802 Executing VM operation: Cleanup done
Event: 39.167 Executing VM operation: HandshakeAllThreads
Event: 39.167 Executing VM operation: HandshakeAllThreads done
Event: 39.169 Executing VM operation: HandshakeAllThreads
Event: 39.169 Executing VM operation: HandshakeAllThreads done
Event: 39.274 Executing VM operation: HandshakeAllThreads
Event: 39.274 Executing VM operation: HandshakeAllThreads done
Event: 39.280 Executing VM operation: HandshakeAllThreads
Event: 39.280 Executing VM operation: HandshakeAllThreads done

Events (20 events):
Event: 31.289 loading class javax/naming/directory/DirContext
Event: 31.289 loading class javax/naming/directory/DirContext done
Event: 31.289 loading class javax/naming/ldap/LdapContext done
Event: 31.586 Thread 0x00000244be1b3020 Thread exited: 0x00000244be1b3020
Event: 31.690 loading class java/util/HashMap$KeySpliterator
Event: 31.691 loading class java/util/HashMap$KeySpliterator done
Event: 33.927 loading class java/beans/PropertyVetoException
Event: 33.927 loading class java/beans/PropertyVetoException done
Event: 37.774 loading class java/lang/UnsupportedClassVersionError
Event: 37.774 loading class java/lang/ClassFormatError
Event: 37.774 loading class java/lang/ClassFormatError done
Event: 37.774 loading class java/lang/UnsupportedClassVersionError done
Event: 39.268 loading class java/util/Collections$UnmodifiableMap$UnmodifiableEntrySet
Event: 39.269 loading class java/util/Collections$UnmodifiableMap$UnmodifiableEntrySet done
Event: 39.269 loading class java/util/Collections$UnmodifiableMap$UnmodifiableEntrySet$1
Event: 39.269 loading class java/util/Collections$UnmodifiableMap$UnmodifiableEntrySet$1 done
Event: 39.269 loading class java/util/Collections$UnmodifiableMap$UnmodifiableEntrySet$UnmodifiableEntry
Event: 39.269 loading class java/util/Collections$UnmodifiableMap$UnmodifiableEntrySet$UnmodifiableEntry done
Event: 39.358 loading class sun/reflect/generics/tree/BooleanSignature
Event: 39.358 loading class sun/reflect/generics/tree/BooleanSignature done


Dynamic libraries:
0x00007ff6795a0000 - 0x00007ff6795ae000 	C:\Users\benja\.p2\pool\plugins\org.eclipse.justj.openjdk.hotspot.jre.full.win32.x86_64_17.0.10.v20240120-1143\jre\bin\javaw.exe
0x00007fffc9f10000 - 0x00007fffca108000 	C:\WINDOWS\SYSTEM32\ntdll.dll
0x00007fffc9190000 - 0x00007fffc924d000 	C:\WINDOWS\System32\KERNEL32.DLL
0x00007fffc78e0000 - 0x00007fffc7bd6000 	C:\WINDOWS\System32\KERNELBASE.dll
0x00007fffc7c10000 - 0x00007fffc7d10000 	C:\WINDOWS\System32\ucrtbase.dll
0x00007fffbe9a0000 - 0x00007fffbe9b7000 	C:\Users\benja\.p2\pool\plugins\org.eclipse.justj.openjdk.hotspot.jre.full.win32.x86_64_17.0.10.v20240120-1143\jre\bin\jli.dll
0x00007fffc8a70000 - 0x00007fffc8c0e000 	C:\WINDOWS\System32\USER32.dll
0x00007fffc7be0000 - 0x00007fffc7c02000 	C:\WINDOWS\System32\win32u.dll
0x00007fffc9b00000 - 0x00007fffc9b2b000 	C:\WINDOWS\System32\GDI32.dll
0x00007fffc77c0000 - 0x00007fffc78d7000 	C:\WINDOWS\System32\gdi32full.dll
0x00007fffc7ea0000 - 0x00007fffc7f3d000 	C:\WINDOWS\System32\msvcp_win.dll
0x00007fffb8b30000 - 0x00007fffb8b4b000 	C:\Users\benja\.p2\pool\plugins\org.eclipse.justj.openjdk.hotspot.jre.full.win32.x86_64_17.0.10.v20240120-1143\jre\bin\VCRUNTIME140.dll
0x00007fffb2980000 - 0x00007fffb2c1a000 	C:\WINDOWS\WinSxS\amd64_microsoft.windows.common-controls_6595b64144ccf1df_6.0.19041.3636_none_60b6a03d71f818d5\COMCTL32.dll
0x00007fffc9c20000 - 0x00007fffc9cbe000 	C:\WINDOWS\System32\msvcrt.dll
0x00007fffc8c70000 - 0x00007fffc8ca2000 	C:\WINDOWS\System32\IMM32.DLL
0x00007fffbe950000 - 0x00007fffbe95c000 	C:\Users\benja\.p2\pool\plugins\org.eclipse.justj.openjdk.hotspot.jre.full.win32.x86_64_17.0.10.v20240120-1143\jre\bin\vcruntime140_1.dll
0x00007fff9c4f0000 - 0x00007fff9c57d000 	C:\Users\benja\.p2\pool\plugins\org.eclipse.justj.openjdk.hotspot.jre.full.win32.x86_64_17.0.10.v20240120-1143\jre\bin\msvcp140.dll
0x00007fff83a50000 - 0x00007fff846b2000 	C:\Users\benja\.p2\pool\plugins\org.eclipse.justj.openjdk.hotspot.jre.full.win32.x86_64_17.0.10.v20240120-1143\jre\bin\server\jvm.dll
0x00007fffc8060000 - 0x00007fffc8110000 	C:\WINDOWS\System32\ADVAPI32.dll
0x00007fffc8460000 - 0x00007fffc8500000 	C:\WINDOWS\System32\sechost.dll
0x00007fffc8330000 - 0x00007fffc8455000 	C:\WINDOWS\System32\RPCRT4.dll
0x00007fffc7d10000 - 0x00007fffc7d37000 	C:\WINDOWS\System32\bcrypt.dll
0x00007fffc6b60000 - 0x00007fffc6bab000 	C:\WINDOWS\SYSTEM32\POWRPROF.dll
0x00007fffbe940000 - 0x00007fffbe949000 	C:\WINDOWS\SYSTEM32\WSOCK32.dll
0x00007fffc9120000 - 0x00007fffc918b000 	C:\WINDOWS\System32\WS2_32.dll
0x00007fffba780000 - 0x00007fffba7a7000 	C:\WINDOWS\SYSTEM32\WINMM.dll
0x00007fffbd560000 - 0x00007fffbd56a000 	C:\WINDOWS\SYSTEM32\VERSION.dll
0x00007fffc69d0000 - 0x00007fffc69e2000 	C:\WINDOWS\SYSTEM32\UMPDC.dll
0x00007fffc5410000 - 0x00007fffc5422000 	C:\WINDOWS\SYSTEM32\kernel.appcore.dll
0x00007fffbe5c0000 - 0x00007fffbe5ca000 	C:\Users\benja\.p2\pool\plugins\org.eclipse.justj.openjdk.hotspot.jre.full.win32.x86_64_17.0.10.v20240120-1143\jre\bin\jimage.dll
0x00007fffbd650000 - 0x00007fffbd834000 	C:\WINDOWS\SYSTEM32\DBGHELP.DLL
0x00007fffa0be0000 - 0x00007fffa0c14000 	C:\WINDOWS\SYSTEM32\dbgcore.DLL
0x00007fffc7730000 - 0x00007fffc77b2000 	C:\WINDOWS\System32\bcryptPrimitives.dll
0x00007fffb8d30000 - 0x00007fffb8d55000 	C:\Users\benja\.p2\pool\plugins\org.eclipse.justj.openjdk.hotspot.jre.full.win32.x86_64_17.0.10.v20240120-1143\jre\bin\java.dll
0x00007fffb9d30000 - 0x00007fffb9d48000 	C:\Users\benja\.p2\pool\plugins\org.eclipse.justj.openjdk.hotspot.jre.full.win32.x86_64_17.0.10.v20240120-1143\jre\bin\zip.dll
0x00007fffc9250000 - 0x00007fffc99bb000 	C:\WINDOWS\System32\SHELL32.dll
0x00007fffc5630000 - 0x00007fffc5dce000 	C:\WINDOWS\SYSTEM32\windows.storage.dll
0x00007fffc8500000 - 0x00007fffc8853000 	C:\WINDOWS\System32\combase.dll
0x00007fffc6ff0000 - 0x00007fffc701e000 	C:\WINDOWS\SYSTEM32\Wldp.dll
0x00007fffc9b40000 - 0x00007fffc9c0d000 	C:\WINDOWS\System32\OLEAUT32.dll
0x00007fffc9a20000 - 0x00007fffc9acd000 	C:\WINDOWS\System32\SHCORE.dll
0x00007fffc8c10000 - 0x00007fffc8c65000 	C:\WINDOWS\System32\shlwapi.dll
0x00007fffc74f0000 - 0x00007fffc7515000 	C:\WINDOWS\SYSTEM32\profapi.dll
0x00007fffb8970000 - 0x00007fffb8989000 	C:\Users\benja\.p2\pool\plugins\org.eclipse.justj.openjdk.hotspot.jre.full.win32.x86_64_17.0.10.v20240120-1143\jre\bin\net.dll
0x00007fffc1c30000 - 0x00007fffc1d3a000 	C:\WINDOWS\SYSTEM32\WINHTTP.dll
0x00007fffc6d50000 - 0x00007fffc6dba000 	C:\WINDOWS\system32\mswsock.dll
0x00007fffb2270000 - 0x00007fffb2286000 	C:\Users\benja\.p2\pool\plugins\org.eclipse.justj.openjdk.hotspot.jre.full.win32.x86_64_17.0.10.v20240120-1143\jre\bin\nio.dll
0x00007fffbe610000 - 0x00007fffbe619000 	C:\Users\benja\.p2\pool\plugins\org.eclipse.justj.openjdk.hotspot.jre.full.win32.x86_64_17.0.10.v20240120-1143\jre\bin\management.dll
0x00007fffbced0000 - 0x00007fffbcedb000 	C:\Users\benja\.p2\pool\plugins\org.eclipse.justj.openjdk.hotspot.jre.full.win32.x86_64_17.0.10.v20240120-1143\jre\bin\management_ext.dll
0x00007fffc9c10000 - 0x00007fffc9c18000 	C:\WINDOWS\System32\PSAPI.DLL
0x00007fffbfec0000 - 0x00007fffbfece000 	C:\Users\benja\.p2\pool\plugins\org.eclipse.justj.openjdk.hotspot.jre.full.win32.x86_64_17.0.10.v20240120-1143\jre\bin\sunmscapi.dll
0x00007fffc7d40000 - 0x00007fffc7e9d000 	C:\WINDOWS\System32\CRYPT32.dll
0x00007fffc7060000 - 0x00007fffc7088000 	C:\WINDOWS\SYSTEM32\ncrypt.dll
0x00007fffc7020000 - 0x00007fffc705b000 	C:\WINDOWS\SYSTEM32\NTASN1.dll

dbghelp: loaded successfully - version: 4.0.5 - missing functions: none
symbol engine: initialized successfully - sym options: 0x614 - pdb path: .;C:\Users\benja\.p2\pool\plugins\org.eclipse.justj.openjdk.hotspot.jre.full.win32.x86_64_17.0.10.v20240120-1143\jre\bin;C:\WINDOWS\SYSTEM32;C:\WINDOWS\WinSxS\amd64_microsoft.windows.common-controls_6595b64144ccf1df_6.0.19041.3636_none_60b6a03d71f818d5;C:\Users\benja\.p2\pool\plugins\org.eclipse.justj.openjdk.hotspot.jre.full.win32.x86_64_17.0.10.v20240120-1143\jre\bin\server

VM Arguments:
jvm_args: -Dfile.encoding=UTF-8 -Dstdout.encoding=UTF-8 -Dstderr.encoding=UTF-8 -XX:+ShowCodeDetailsInExceptionMessages 
java_command: com.example.JustCast.JustCastApplication
java_class_path (initial): C:\Users\benja\Desktop\JustCast\bin\main;C:\Users\benja\.gradle\caches\modules-2\files-2.1\org.springframework.boot\spring-boot-starter-data-jpa\3.2.5\99c1272c135f1c44b0c94ed0b65dca9b201323b7\spring-boot-starter-data-jpa-3.2.5.jar;C:\Users\benja\.gradle\caches\modules-2\files-2.1\org.springframework.boot\spring-boot-starter-thymeleaf\3.2.5\293a7cb658eba8e0b25cec63609edbebbaa6c4a8\spring-boot-starter-thymeleaf-3.2.5.jar;C:\Users\benja\.gradle\caches\modules-2\files-2.1\org.springframework.boot\spring-boot-starter-web\3.2.5\664d75553c6af42122d4db645f4924a95084e382\spring-boot-starter-web-3.2.5.jar;C:\Users\benja\.gradle\caches\modules-2\files-2.1\org.springframework.boot\spring-boot-starter-aop\3.2.5\1c6c5d81e6c7f8b3e255c9e384153e9f52a93d1b\spring-boot-starter-aop-3.2.5.jar;C:\Users\benja\.gradle\caches\modules-2\files-2.1\org.springframework.boot\spring-boot-starter-jdbc\3.2.5\2fc156645b02bef43dcd4e697ae6f4ba9388a978\spring-boot-starter-jdbc-3.2.5.jar;C:\Users\benja\.gradle\caches\modules-2\files-2.1\org.hibernate.orm\hibernate-core\6.4.4.Final\5c9decb3c5a70bf7801d41fc32633416c26be069\hibernate-core-6.4.4.Final.jar;C:\Users\benja\.gradle\caches\modules-2\files-2.1\org.springframework.data\spring-data-jpa\3.2.5\f5c674caedc0132c7865b9a2edaa04b8f5351262\spring-data-jpa-3.2.5.jar;C:\Users\benja\.gradle\caches\modules-2\files-2.1\org.springframework\spring-aspects\6.1.6\409aba797564c23c08e2307f2df728aed117e914\spring-aspects-6.1.6.jar;C:\Users\benja\.gradle\caches\modules-2\files-2.1\org.springframework.boot\spring-boot-starter-json\3.2.5\6df311af4c242eb95c3526f48ab4f31c384a247e\spring-boot-starter-json-3.2.5.jar;C:\Users\benja\.gradle\caches\modules-2\files-2.1\org.springframework.boot\spring-boot-starter\3.2.5\a9837a876129cc6fe5f3abf1de5ec0a16faaf003\spring-boot-starter-3.2.5.jar;C:\Users\benja\.gradle\caches\modules-2\files-2.1\org.thymeleaf\thymeleaf-spring6\3.1.2.RELEASE\6030c7b4e260c41336f378e53da6e8531263f24b\thymeleaf-spring6-3.1.2.REL
Launcher Type: SUN_STANDARD

[Global flags]
     intx CICompilerCount                          = 3                                         {product} {ergonomic}
     uint ConcGCThreads                            = 1                                         {product} {ergonomic}
     uint G1ConcRefinementThreads                  = 4                                         {product} {ergonomic}
   size_t G1HeapRegionSize                         = 1048576                                   {product} {ergonomic}
    uintx GCDrainStackTargetSize                   = 64                                        {product} {ergonomic}
   size_t InitialHeapSize                          = 65011712                                  {product} {ergonomic}
   size_t MarkStackSize                            = 4194304                                   {product} {ergonomic}
   size_t MaxHeapSize                              = 1040187392                                {product} {ergonomic}
   size_t MaxNewSize                               = 623902720                                 {product} {ergonomic}
   size_t MinHeapDeltaBytes                        = 1048576                                   {product} {ergonomic}
   size_t MinHeapSize                              = 8388608                                   {product} {ergonomic}
    uintx NonNMethodCodeHeapSize                   = 5832780                                {pd product} {ergonomic}
    uintx NonProfiledCodeHeapSize                  = 122912730                              {pd product} {ergonomic}
    uintx ProfiledCodeHeapSize                     = 122912730                              {pd product} {ergonomic}
    uintx ReservedCodeCacheSize                    = 251658240                              {pd product} {ergonomic}
     bool SegmentedCodeCache                       = true                                      {product} {ergonomic}
     bool ShowCodeDetailsInExceptionMessages       = true                                   {manageable} {command line}
   size_t SoftMaxHeapSize                          = 1040187392                             {manageable} {ergonomic}
     bool UseCompressedClassPointers               = true                           {product lp64_product} {ergonomic}
     bool UseCompressedOops                        = true                           {product lp64_product} {ergonomic}
     bool UseG1GC                                  = true                                      {product} {ergonomic}
     bool UseLargePagesIndividualAllocation        = false                                  {pd product} {ergonomic}

Logging:
Log output configuration:
 #0: stdout all=warning uptime,level,tags
 #1: stderr all=off uptime,level,tags

Environment Variables:
PATH=C:/Users/benja/.p2/pool/plugins/org.eclipse.justj.openjdk.hotspot.jre.full.win32.x86_64_17.0.10.v20240120-1143/jre/bin/server;C:/Users/benja/.p2/pool/plugins/org.eclipse.justj.openjdk.hotspot.jre.full.win32.x86_64_17.0.10.v20240120-1143/jre/bin;C:\WINDOWS\system32;C:\WINDOWS;C:\WINDOWS\System32\Wbem;C:\WINDOWS\System32\WindowsPowerShell\v1.0\;C:\WINDOWS\System32\OpenSSH\;C:\Users\benja\AppData\Local\Microsoft\WindowsApps;;C:\Users\benja\Desktop;
USERNAME=benja
OS=Windows_NT
PROCESSOR_IDENTIFIER=Intel64 Family 6 Model 142 Stepping 9, GenuineIntel
TMP=C:\Users\benja\AppData\Local\Temp
TEMP=C:\Users\benja\AppData\Local\Temp



Periodic native trim disabled


---------------  S Y S T E M  ---------------

OS:
 Windows 10 , 64 bit Build 19041 (10.0.19041.3636)
OS uptime: 18 days 23:46 hours
Hyper-V role detected

CPU: total 4 (initial active 4) (2 cores per cpu, 2 threads per core) family 6 model 142 stepping 9 microcode 0xf0, cx8, cmov, fxsr, ht, mmx, 3dnowpref, sse, sse2, sse3, ssse3, sse4.1, sse4.2, popcnt, lzcnt, tsc, tscinvbit, aes, erms, clmul, clflush, clflushopt, hv
Processor Information for all 4 processors :
  Max Mhz: 1704, Current Mhz: 1704, Mhz Limit: 1704

Memory: 4k page, system-wide physical 3965M (238M free)
TotalPageFile size 7706M (AvailPageFile size 7M)
current process WorkingSet (physical memory assigned to process): 138M, peak: 140M
current process commit charge ("private bytes"): 166M, peak: 170M

vm_info: OpenJDK 64-Bit Server VM (17.0.10+7) for windows-amd64 JRE (17.0.10+7), built on Jan 16 2024 23:25:11 by "admin" with MS VC++ 16.10 / 16.11 (VS2019)

END.
